{"/Users/jjurman/Programs/domdiff/cjs/index.js":{"path":"/Users/jjurman/Programs/domdiff/cjs/index.js","s":{"1":1,"2":537,"3":1,"4":25,"5":1,"6":24,"7":24,"8":24,"9":24,"10":1,"11":106,"12":106,"13":106,"14":969,"15":106,"16":106,"17":106,"18":106,"19":106,"20":106,"21":106,"22":106,"23":430,"24":38,"25":392,"26":3,"27":389,"28":22,"29":367,"30":5,"31":362,"32":135,"33":135,"34":227,"35":52,"36":52,"37":175,"38":55,"39":55,"40":55,"41":120,"42":21,"43":21,"44":21,"45":99,"46":99,"47":61,"48":61,"49":38,"50":38,"51":38,"52":58,"53":58,"54":38,"55":13,"56":11,"57":2,"58":13,"59":13,"60":13,"61":13,"62":25,"63":25,"64":25,"65":25,"66":106,"67":85,"68":35,"69":35,"70":35,"71":13,"72":22,"73":22,"74":60,"75":22,"76":50,"77":2,"78":50,"79":27,"80":23,"81":106,"82":1},"b":{"1":[1,24],"2":[106,104],"3":[55,51],"4":[106,106],"5":[536,480],"6":[38,392],"7":[3,389],"8":[22,367],"9":[5,362],"10":[135,227],"11":[52,175],"12":[55,120],"13":[21,99],"14":[61,38],"15":[96,88,85],"16":[13,25],"17":[11,2],"18":[85,21],"19":[106,56],"20":[35,50],"21":[26,9],"22":[13,22],"23":[2,48],"24":[27,23]},"f":{},"fnMap":{},"statementMap":{"1":{"start":{"line":10,"column":0},"end":{"line":10,"column":24}},"2":{"start":{"line":10,"column":22},"end":{"line":10,"column":23}},"3":{"start":{"line":12,"column":0},"end":{"line":21,"column":2}},"4":{"start":{"line":13,"column":2},"end":{"line":20,"column":3}},"5":{"start":{"line":14,"column":4},"end":{"line":14,"column":44}},"6":{"start":{"line":16,"column":4},"end":{"line":16,"column":57}},"7":{"start":{"line":17,"column":4},"end":{"line":17,"column":42}},"8":{"start":{"line":18,"column":4},"end":{"line":18,"column":38}},"9":{"start":{"line":19,"column":4},"end":{"line":19,"column":27}},"10":{"start":{"line":23,"column":0},"end":{"line":154,"column":2}},"11":{"start":{"line":31,"column":2},"end":{"line":31,"column":34}},"12":{"start":{"line":32,"column":2},"end":{"line":32,"column":64}},"13":{"start":{"line":33,"column":2},"end":{"line":33,"column":67}},"14":{"start":{"line":33,"column":50},"end":{"line":33,"column":64}},"15":{"start":{"line":34,"column":2},"end":{"line":34,"column":40}},"16":{"start":{"line":35,"column":2},"end":{"line":35,"column":43}},"17":{"start":{"line":36,"column":2},"end":{"line":36,"column":41}},"18":{"start":{"line":37,"column":2},"end":{"line":37,"column":48}},"19":{"start":{"line":38,"column":2},"end":{"line":38,"column":41}},"20":{"start":{"line":39,"column":2},"end":{"line":39,"column":39}},"21":{"start":{"line":40,"column":2},"end":{"line":40,"column":45}},"22":{"start":{"line":41,"column":2},"end":{"line":121,"column":3}},"23":{"start":{"line":42,"column":4},"end":{"line":120,"column":5}},"24":{"start":{"line":43,"column":6},"end":{"line":43,"column":54}},"25":{"start":{"line":45,"column":9},"end":{"line":120,"column":5}},"26":{"start":{"line":46,"column":6},"end":{"line":46,"column":50}},"27":{"start":{"line":48,"column":9},"end":{"line":120,"column":5}},"28":{"start":{"line":49,"column":6},"end":{"line":49,"column":51}},"29":{"start":{"line":51,"column":9},"end":{"line":120,"column":5}},"30":{"start":{"line":52,"column":6},"end":{"line":52,"column":47}},"31":{"start":{"line":54,"column":9},"end":{"line":120,"column":5}},"32":{"start":{"line":55,"column":6},"end":{"line":55,"column":54}},"33":{"start":{"line":56,"column":6},"end":{"line":56,"column":51}},"34":{"start":{"line":58,"column":9},"end":{"line":120,"column":5}},"35":{"start":{"line":59,"column":6},"end":{"line":59,"column":50}},"36":{"start":{"line":60,"column":6},"end":{"line":60,"column":47}},"37":{"start":{"line":62,"column":9},"end":{"line":120,"column":5}},"38":{"start":{"line":63,"column":6},"end":{"line":66,"column":8}},"39":{"start":{"line":67,"column":6},"end":{"line":67,"column":54}},"40":{"start":{"line":68,"column":6},"end":{"line":68,"column":47}},"41":{"start":{"line":70,"column":9},"end":{"line":120,"column":5}},"42":{"start":{"line":71,"column":6},"end":{"line":74,"column":8}},"43":{"start":{"line":75,"column":6},"end":{"line":75,"column":50}},"44":{"start":{"line":76,"column":6},"end":{"line":76,"column":51}},"45":{"start":{"line":79,"column":6},"end":{"line":79,"column":56}},"46":{"start":{"line":80,"column":6},"end":{"line":119,"column":7}},"47":{"start":{"line":81,"column":8},"end":{"line":84,"column":10}},"48":{"start":{"line":85,"column":8},"end":{"line":85,"column":53}},"49":{"start":{"line":88,"column":8},"end":{"line":88,"column":22}},"50":{"start":{"line":89,"column":8},"end":{"line":89,"column":28}},"51":{"start":{"line":90,"column":8},"end":{"line":97,"column":9}},"52":{"start":{"line":95,"column":10},"end":{"line":95,"column":14}},"53":{"start":{"line":96,"column":10},"end":{"line":96,"column":14}},"54":{"start":{"line":98,"column":8},"end":{"line":118,"column":9}},"55":{"start":{"line":99,"column":10},"end":{"line":108,"column":11}},"56":{"start":{"line":100,"column":12},"end":{"line":100,"column":62}},"57":{"start":{"line":102,"column":12},"end":{"line":107,"column":14}},"58":{"start":{"line":109,"column":10},"end":{"line":109,"column":27}},"59":{"start":{"line":110,"column":10},"end":{"line":110,"column":26}},"60":{"start":{"line":111,"column":10},"end":{"line":111,"column":45}},"61":{"start":{"line":112,"column":10},"end":{"line":112,"column":43}},"62":{"start":{"line":114,"column":10},"end":{"line":114,"column":41}},"63":{"start":{"line":115,"column":10},"end":{"line":115,"column":37}},"64":{"start":{"line":116,"column":10},"end":{"line":116,"column":72}},"65":{"start":{"line":117,"column":10},"end":{"line":117,"column":55}},"66":{"start":{"line":122,"column":2},"end":{"line":152,"column":3}},"67":{"start":{"line":123,"column":4},"end":{"line":151,"column":5}},"68":{"start":{"line":124,"column":6},"end":{"line":124,"column":45}},"69":{"start":{"line":125,"column":6},"end":{"line":125,"column":55}},"70":{"start":{"line":126,"column":6},"end":{"line":135,"column":7}},"71":{"start":{"line":127,"column":8},"end":{"line":127,"column":73}},"72":{"start":{"line":130,"column":8},"end":{"line":130,"column":75}},"73":{"start":{"line":131,"column":8},"end":{"line":133,"column":9}},"74":{"start":{"line":132,"column":10},"end":{"line":132,"column":67}},"75":{"start":{"line":134,"column":8},"end":{"line":134,"column":49}},"76":{"start":{"line":138,"column":6},"end":{"line":139,"column":23}},"77":{"start":{"line":139,"column":8},"end":{"line":139,"column":23}},"78":{"start":{"line":140,"column":6},"end":{"line":150,"column":7}},"79":{"start":{"line":141,"column":8},"end":{"line":141,"column":68}},"80":{"start":{"line":144,"column":8},"end":{"line":149,"column":10}},"81":{"start":{"line":153,"column":2},"end":{"line":153,"column":21}},"82":{"start":{"line":156,"column":0},"end":{"line":156,"column":78}}},"branchMap":{"1":{"line":13,"type":"if","locations":[{"start":{"line":13,"column":2},"end":{"line":13,"column":2}},{"start":{"line":13,"column":2},"end":{"line":13,"column":2}}]},"2":{"line":31,"type":"binary-expr","locations":[{"start":{"line":31,"column":14},"end":{"line":31,"column":21}},{"start":{"line":31,"column":25},"end":{"line":31,"column":33}}]},"3":{"line":32,"type":"cond-expr","locations":[{"start":{"line":32,"column":38},"end":{"line":32,"column":42}},{"start":{"line":32,"column":45},"end":{"line":32,"column":63}}]},"4":{"line":33,"type":"binary-expr","locations":[{"start":{"line":33,"column":17},"end":{"line":33,"column":27}},{"start":{"line":33,"column":32},"end":{"line":33,"column":65}}]},"5":{"line":41,"type":"binary-expr","locations":[{"start":{"line":41,"column":9},"end":{"line":41,"column":35}},{"start":{"line":41,"column":39},"end":{"line":41,"column":63}}]},"6":{"line":42,"type":"if","locations":[{"start":{"line":42,"column":4},"end":{"line":42,"column":4}},{"start":{"line":42,"column":4},"end":{"line":42,"column":4}}]},"7":{"line":45,"type":"if","locations":[{"start":{"line":45,"column":9},"end":{"line":45,"column":9}},{"start":{"line":45,"column":9},"end":{"line":45,"column":9}}]},"8":{"line":48,"type":"if","locations":[{"start":{"line":48,"column":9},"end":{"line":48,"column":9}},{"start":{"line":48,"column":9},"end":{"line":48,"column":9}}]},"9":{"line":51,"type":"if","locations":[{"start":{"line":51,"column":9},"end":{"line":51,"column":9}},{"start":{"line":51,"column":9},"end":{"line":51,"column":9}}]},"10":{"line":54,"type":"if","locations":[{"start":{"line":54,"column":9},"end":{"line":54,"column":9}},{"start":{"line":54,"column":9},"end":{"line":54,"column":9}}]},"11":{"line":58,"type":"if","locations":[{"start":{"line":58,"column":9},"end":{"line":58,"column":9}},{"start":{"line":58,"column":9},"end":{"line":58,"column":9}}]},"12":{"line":62,"type":"if","locations":[{"start":{"line":62,"column":9},"end":{"line":62,"column":9}},{"start":{"line":62,"column":9},"end":{"line":62,"column":9}}]},"13":{"line":70,"type":"if","locations":[{"start":{"line":70,"column":9},"end":{"line":70,"column":9}},{"start":{"line":70,"column":9},"end":{"line":70,"column":9}}]},"14":{"line":80,"type":"if","locations":[{"start":{"line":80,"column":6},"end":{"line":80,"column":6}},{"start":{"line":80,"column":6},"end":{"line":80,"column":6}}]},"15":{"line":91,"type":"binary-expr","locations":[{"start":{"line":91,"column":10},"end":{"line":91,"column":25}},{"start":{"line":92,"column":10},"end":{"line":92,"column":24}},{"start":{"line":93,"column":10},"end":{"line":93,"column":49}}]},"16":{"line":98,"type":"if","locations":[{"start":{"line":98,"column":8},"end":{"line":98,"column":8}},{"start":{"line":98,"column":8},"end":{"line":98,"column":8}}]},"17":{"line":99,"type":"if","locations":[{"start":{"line":99,"column":10},"end":{"line":99,"column":10}},{"start":{"line":99,"column":10},"end":{"line":99,"column":10}}]},"18":{"line":122,"type":"if","locations":[{"start":{"line":122,"column":2},"end":{"line":122,"column":2}},{"start":{"line":122,"column":2},"end":{"line":122,"column":2}}]},"19":{"line":122,"type":"binary-expr","locations":[{"start":{"line":122,"column":6},"end":{"line":122,"column":32}},{"start":{"line":122,"column":36},"end":{"line":122,"column":60}}]},"20":{"line":123,"type":"if","locations":[{"start":{"line":123,"column":4},"end":{"line":123,"column":4}},{"start":{"line":123,"column":4},"end":{"line":123,"column":4}}]},"21":{"line":125,"type":"cond-expr","locations":[{"start":{"line":125,"column":34},"end":{"line":125,"column":40}},{"start":{"line":125,"column":43},"end":{"line":125,"column":54}}]},"22":{"line":126,"type":"if","locations":[{"start":{"line":126,"column":6},"end":{"line":126,"column":6}},{"start":{"line":126,"column":6},"end":{"line":126,"column":6}}]},"23":{"line":138,"type":"if","locations":[{"start":{"line":138,"column":6},"end":{"line":138,"column":6}},{"start":{"line":138,"column":6},"end":{"line":138,"column":6}}]},"24":{"line":140,"type":"if","locations":[{"start":{"line":140,"column":6},"end":{"line":140,"column":6}},{"start":{"line":140,"column":6},"end":{"line":140,"column":6}}]}}}}