TN:
SF:/Users/jjurman/Programs/domdiff/cjs/index.js
FNF:0
FNH:0
DA:10,537
DA:12,1
DA:13,25
DA:14,1
DA:16,24
DA:17,24
DA:18,24
DA:19,24
DA:23,1
DA:31,106
DA:32,106
DA:33,969
DA:34,106
DA:35,106
DA:36,106
DA:37,106
DA:38,106
DA:39,106
DA:40,106
DA:41,106
DA:42,430
DA:43,38
DA:45,392
DA:46,3
DA:48,389
DA:49,22
DA:51,367
DA:52,5
DA:54,362
DA:55,135
DA:56,135
DA:58,227
DA:59,52
DA:60,52
DA:62,175
DA:63,55
DA:67,55
DA:68,55
DA:70,120
DA:71,21
DA:75,21
DA:76,21
DA:79,99
DA:80,99
DA:81,61
DA:85,61
DA:88,38
DA:89,38
DA:90,38
DA:95,58
DA:96,58
DA:98,38
DA:99,13
DA:100,11
DA:102,2
DA:109,13
DA:110,13
DA:111,13
DA:112,13
DA:114,25
DA:115,25
DA:116,25
DA:117,25
DA:122,106
DA:123,85
DA:124,35
DA:125,35
DA:126,35
DA:127,13
DA:130,22
DA:131,22
DA:132,60
DA:134,22
DA:138,50
DA:139,2
DA:140,50
DA:141,27
DA:144,23
DA:153,106
DA:156,1
LF:80
LH:80
BRDA:13,1,0,1
BRDA:13,1,1,24
BRDA:31,2,0,106
BRDA:31,2,1,104
BRDA:32,3,0,55
BRDA:32,3,1,51
BRDA:33,4,0,106
BRDA:33,4,1,106
BRDA:41,5,0,536
BRDA:41,5,1,480
BRDA:42,6,0,38
BRDA:42,6,1,392
BRDA:45,7,0,3
BRDA:45,7,1,389
BRDA:48,8,0,22
BRDA:48,8,1,367
BRDA:51,9,0,5
BRDA:51,9,1,362
BRDA:54,10,0,135
BRDA:54,10,1,227
BRDA:58,11,0,52
BRDA:58,11,1,175
BRDA:62,12,0,55
BRDA:62,12,1,120
BRDA:70,13,0,21
BRDA:70,13,1,99
BRDA:80,14,0,61
BRDA:80,14,1,38
BRDA:91,15,0,96
BRDA:91,15,1,88
BRDA:91,15,2,85
BRDA:98,16,0,13
BRDA:98,16,1,25
BRDA:99,17,0,11
BRDA:99,17,1,2
BRDA:122,18,0,85
BRDA:122,18,1,21
BRDA:122,19,0,106
BRDA:122,19,1,56
BRDA:123,20,0,35
BRDA:123,20,1,50
BRDA:125,21,0,26
BRDA:125,21,1,9
BRDA:126,22,0,13
BRDA:126,22,1,22
BRDA:138,23,0,2
BRDA:138,23,1,48
BRDA:140,24,0,27
BRDA:140,24,1,23
BRF:49
BRH:49
end_of_record
